0 silly argv {
0 silly argv   _: [ 'publish' ],
0 silly argv   composed: 'publish',
0 silly argv   lernaVersion: '4.0.0',
0 silly argv   '$0': 'lerna'
0 silly argv }
1 notice cli v4.0.0
2 verbose rootPath /Users/jp26710/Documents/GitHub/lerna-docker-example-1
3 error JSONError: Unexpected token "}" (0x7D) in JSON at position 352 while parsing near "...ccess\": \"public\",\n  },\n  \"scripts\": {\n  ..." in packages/hooks/package.json
3 error
3 error [0m [90m 14 |[39m   [32m"publishConfig"[39m[33m:[39m {[0m
3 error [0m [90m 15 |[39m     [32m"access"[39m[33m:[39m [32m"public"[39m[33m,[39m[0m
3 error [0m[31m[1m>[22m[39m[90m 16 |[39m   }[33m,[39m[0m
3 error [0m [90m    |[39m   [31m[1m^[22m[39m[0m
3 error [0m [90m 17 |[39m   [32m"scripts"[39m[33m:[39m {[0m
3 error [0m [90m 18 |[39m     [32m"build"[39m[33m:[39m [32m"microbundle-crl --no-compress --format modern,cjs"[39m[33m,[39m[0m
3 error [0m [90m 19 |[39m     [32m"dev"[39m[33m:[39m [32m"microbundle-crl watch --no-compress --format modern,cjs"[39m[33m,[39m[0m
3 error
3 error     at parseJson (/Users/jp26710/Documents/GitHub/lerna-docker-example-1/node_modules/parse-json/index.js:29:21)
3 error     at parse (/Users/jp26710/Documents/GitHub/lerna-docker-example-1/node_modules/load-json-file/index.js:15:9)
3 error     at module.exports (/Users/jp26710/Documents/GitHub/lerna-docker-example-1/node_modules/load-json-file/index.js:18:47)
